ERROR - 2023-12-21 04:34:07 --> Error connecting to the database: mysqli_sql_exception: Access denied for user 'root'@'localhost' (using password: YES) in C:\xampp\htdocs\k-nn\system\Database\MySQLi\Connection.php:185
Stack trace:
#0 C:\xampp\htdocs\k-nn\system\Database\MySQLi\Connection.php(185): mysqli->real_connect('localhost', 'root', 'root', 'k-nn', 3306, '', 0)
#1 C:\xampp\htdocs\k-nn\system\Database\BaseConnection.php(391): CodeIgniter\Database\MySQLi\Connection->connect(false)
#2 C:\xampp\htdocs\k-nn\system\Database\BaseConnection.php(574): CodeIgniter\Database\BaseConnection->initialize()
#3 C:\xampp\htdocs\k-nn\system\Database\BaseBuilder.php(1615): CodeIgniter\Database\BaseConnection->query('SELECT *\nFROM `...', Array, false)
#4 C:\xampp\htdocs\k-nn\system\Model.php(237): CodeIgniter\Database\BaseBuilder->get()
#5 C:\xampp\htdocs\k-nn\system\BaseModel.php(624): CodeIgniter\Model->doFindAll(0, 0)
#6 C:\xampp\htdocs\k-nn\app\Controllers\Home.php(18): CodeIgniter\BaseModel->findAll()
#7 C:\xampp\htdocs\k-nn\system\CodeIgniter.php(919): App\Controllers\Home->index()
#8 C:\xampp\htdocs\k-nn\system\CodeIgniter.php(494): CodeIgniter\CodeIgniter->runController(Object(App\Controllers\Home))
#9 C:\xampp\htdocs\k-nn\system\CodeIgniter.php(353): CodeIgniter\CodeIgniter->handleRequest(NULL, Object(Config\Cache), false)
#10 C:\xampp\htdocs\k-nn\public\index.php(79): CodeIgniter\CodeIgniter->run()
#11 C:\xampp\htdocs\k-nn\system\Commands\Server\rewrite.php(47): require_once('C:\\xampp\\htdocs...')
#12 {main}

Next CodeIgniter\Database\Exceptions\DatabaseException: Access denied for user '****'@'localhost' (using password: YES) in C:\xampp\htdocs\k-nn\system\Database\MySQLi\Connection.php:229
Stack trace:
#0 C:\xampp\htdocs\k-nn\system\Database\BaseConnection.php(391): CodeIgniter\Database\MySQLi\Connection->connect(false)
#1 C:\xampp\htdocs\k-nn\system\Database\BaseConnection.php(574): CodeIgniter\Database\BaseConnection->initialize()
#2 C:\xampp\htdocs\k-nn\system\Database\BaseBuilder.php(1615): CodeIgniter\Database\BaseConnection->query('SELECT *\nFROM `...', Array, false)
#3 C:\xampp\htdocs\k-nn\system\Model.php(237): CodeIgniter\Database\BaseBuilder->get()
#4 C:\xampp\htdocs\k-nn\system\BaseModel.php(624): CodeIgniter\Model->doFindAll(0, 0)
#5 C:\xampp\htdocs\k-nn\app\Controllers\Home.php(18): CodeIgniter\BaseModel->findAll()
#6 C:\xampp\htdocs\k-nn\system\CodeIgniter.php(919): App\Controllers\Home->index()
#7 C:\xampp\htdocs\k-nn\system\CodeIgniter.php(494): CodeIgniter\CodeIgniter->runController(Object(App\Controllers\Home))
#8 C:\xampp\htdocs\k-nn\system\CodeIgniter.php(353): CodeIgniter\CodeIgniter->handleRequest(NULL, Object(Config\Cache), false)
#9 C:\xampp\htdocs\k-nn\public\index.php(79): CodeIgniter\CodeIgniter->run()
#10 C:\xampp\htdocs\k-nn\system\Commands\Server\rewrite.php(47): require_once('C:\\xampp\\htdocs...')
#11 {main}
CRITICAL - 2023-12-21 04:34:07 --> Unable to connect to the database.
Main connection [MySQLi]: Access denied for user '****'@'localhost' (using password: YES)
in SYSTEMPATH\Database\BaseConnection.php on line 427.
 1 SYSTEMPATH\Database\BaseConnection.php(574): CodeIgniter\Database\BaseConnection->initialize()
 2 SYSTEMPATH\Database\BaseBuilder.php(1615): CodeIgniter\Database\BaseConnection->query('SELECT *
FROM `dataset`', [], false)
 3 SYSTEMPATH\Model.php(237): CodeIgniter\Database\BaseBuilder->get()
 4 SYSTEMPATH\BaseModel.php(624): CodeIgniter\Model->doFindAll(0, 0)
 5 APPPATH\Controllers\Home.php(18): CodeIgniter\BaseModel->findAll()
 6 SYSTEMPATH\CodeIgniter.php(919): App\Controllers\Home->index()
 7 SYSTEMPATH\CodeIgniter.php(494): CodeIgniter\CodeIgniter->runController(Object(App\Controllers\Home))
 8 SYSTEMPATH\CodeIgniter.php(353): CodeIgniter\CodeIgniter->handleRequest(null, Object(Config\Cache), false)
 9 FCPATH\index.php(79): CodeIgniter\CodeIgniter->run()
10 SYSTEMPATH\Commands\Server\rewrite.php(47): require_once('C:\\xampp\\htdocs\\k-nn\\public\\index.php')
CRITICAL - 2023-12-21 08:35:07 --> Call to undefined method App\Models\DatasetModel::with
in SYSTEMPATH\Model.php on line 873.
 1 APPPATH\Controllers\Home.php(24): CodeIgniter\Model->__call('with', [...])
 2 SYSTEMPATH\CodeIgniter.php(919): App\Controllers\Home->index()
 3 SYSTEMPATH\CodeIgniter.php(494): CodeIgniter\CodeIgniter->runController(Object(App\Controllers\Home))
 4 SYSTEMPATH\CodeIgniter.php(353): CodeIgniter\CodeIgniter->handleRequest(null, Object(Config\Cache), false)
 5 FCPATH\index.php(79): CodeIgniter\CodeIgniter->run()
 6 SYSTEMPATH\Commands\Server\rewrite.php(47): require_once('C:\\xampp\\htdocs\\k-nn\\public\\index.php')
CRITICAL - 2023-12-21 12:55:09 --> Undefined variable: no
in APPPATH\Views\index.php on line 28.
 1 APPPATH\Views\index.php(28): CodeIgniter\Debug\Exceptions->errorHandler(8, 'Undefined variable: no', 'C:\\xampp\\htdocs\\k-nn\\app\\Views\\index.php', 28, [...])
 2 SYSTEMPATH\View\View.php(226): include('C:\\xampp\\htdocs\\k-nn\\app\\Views\\index.php')
 3 SYSTEMPATH\View\View.php(229): CodeIgniter\View\View->CodeIgniter\View\{closure}()
 4 SYSTEMPATH\Common.php(1188): CodeIgniter\View\View->render('index', [], true)
 5 APPPATH\Controllers\Home.php(28): view('index', [...])
 6 SYSTEMPATH\CodeIgniter.php(919): App\Controllers\Home->index()
 7 SYSTEMPATH\CodeIgniter.php(494): CodeIgniter\CodeIgniter->runController(Object(App\Controllers\Home))
 8 SYSTEMPATH\CodeIgniter.php(353): CodeIgniter\CodeIgniter->handleRequest(null, Object(Config\Cache), false)
 9 FCPATH\index.php(79): CodeIgniter\CodeIgniter->run()
10 SYSTEMPATH\Commands\Server\rewrite.php(47): require_once('C:\\xampp\\htdocs\\k-nn\\public\\index.php')
CRITICAL - 2023-12-21 12:55:45 --> Undefined variable: no
in APPPATH\Views\index.php on line 29.
 1 APPPATH\Views\index.php(29): CodeIgniter\Debug\Exceptions->errorHandler(8, 'Undefined variable: no', 'C:\\xampp\\htdocs\\k-nn\\app\\Views\\index.php', 29, [...])
 2 SYSTEMPATH\View\View.php(226): include('C:\\xampp\\htdocs\\k-nn\\app\\Views\\index.php')
 3 SYSTEMPATH\View\View.php(229): CodeIgniter\View\View->CodeIgniter\View\{closure}()
 4 SYSTEMPATH\Common.php(1188): CodeIgniter\View\View->render('index', [], true)
 5 APPPATH\Controllers\Home.php(28): view('index', [...])
 6 SYSTEMPATH\CodeIgniter.php(919): App\Controllers\Home->index()
 7 SYSTEMPATH\CodeIgniter.php(494): CodeIgniter\CodeIgniter->runController(Object(App\Controllers\Home))
 8 SYSTEMPATH\CodeIgniter.php(353): CodeIgniter\CodeIgniter->handleRequest(null, Object(Config\Cache), false)
 9 FCPATH\index.php(79): CodeIgniter\CodeIgniter->run()
10 SYSTEMPATH\Commands\Server\rewrite.php(47): require_once('C:\\xampp\\htdocs\\k-nn\\public\\index.php')
ERROR - 2023-12-21 13:17:18 --> mysqli_sql_exception: Unknown column 'jenis' in 'field list' in C:\xampp\htdocs\k-nn\system\Database\MySQLi\Connection.php:306
Stack trace:
#0 C:\xampp\htdocs\k-nn\system\Database\MySQLi\Connection.php(306): mysqli->query('INSERT INTO `da...', 0)
#1 C:\xampp\htdocs\k-nn\system\Database\BaseConnection.php(692): CodeIgniter\Database\MySQLi\Connection->execute('INSERT INTO `da...')
#2 C:\xampp\htdocs\k-nn\system\Database\BaseConnection.php(606): CodeIgniter\Database\BaseConnection->simpleQuery('INSERT INTO `da...')
#3 C:\xampp\htdocs\k-nn\system\Database\BaseBuilder.php(1800): CodeIgniter\Database\BaseConnection->query('INSERT INTO `da...', NULL, false)
#4 C:\xampp\htdocs\k-nn\system\Database\BaseBuilder.php(2191): CodeIgniter\Database\BaseBuilder->batchExecute('_insertBatch', 100)
#5 C:\xampp\htdocs\k-nn\app\Models\DatasetModel.php(50): CodeIgniter\Database\BaseBuilder->insertBatch(Array)
#6 C:\xampp\htdocs\k-nn\app\Controllers\TambahDataController.php(32): App\Models\DatasetModel->insertData(Array)
#7 C:\xampp\htdocs\k-nn\system\CodeIgniter.php(919): App\Controllers\TambahDataController->TambahData()
#8 C:\xampp\htdocs\k-nn\system\CodeIgniter.php(494): CodeIgniter\CodeIgniter->runController(Object(App\Controllers\TambahDataController))
#9 C:\xampp\htdocs\k-nn\system\CodeIgniter.php(353): CodeIgniter\CodeIgniter->handleRequest(NULL, Object(Config\Cache), false)
#10 C:\xampp\htdocs\k-nn\public\index.php(79): CodeIgniter\CodeIgniter->run()
#11 C:\xampp\htdocs\k-nn\system\Commands\Server\rewrite.php(47): require_once('C:\\xampp\\htdocs...')
#12 {main}
CRITICAL - 2023-12-21 13:17:18 --> Unknown column 'jenis' in 'field list'
in SYSTEMPATH\Database\BaseConnection.php on line 646.
 1 SYSTEMPATH\Database\BaseBuilder.php(1800): CodeIgniter\Database\BaseConnection->query('INSERT INTO `dataset` (`jenis`, `kelas`, `sepal_length`, `sepal_width`, `tepal_length`, `tepal_width`)
VALUES (1,1,5,5,5,5)', null, false)
 2 SYSTEMPATH\Database\BaseBuilder.php(2191): CodeIgniter\Database\BaseBuilder->batchExecute('_insertBatch', 100)
 3 APPPATH\Models\DatasetModel.php(50): CodeIgniter\Database\BaseBuilder->insertBatch([...])
 4 APPPATH\Controllers\TambahDataController.php(32): App\Models\DatasetModel->insertData([...])
 5 SYSTEMPATH\CodeIgniter.php(919): App\Controllers\TambahDataController->TambahData()
 6 SYSTEMPATH\CodeIgniter.php(494): CodeIgniter\CodeIgniter->runController(Object(App\Controllers\TambahDataController))
 7 SYSTEMPATH\CodeIgniter.php(353): CodeIgniter\CodeIgniter->handleRequest(null, Object(Config\Cache), false)
 8 FCPATH\index.php(79): CodeIgniter\CodeIgniter->run()
 9 SYSTEMPATH\Commands\Server\rewrite.php(47): require_once('C:\\xampp\\htdocs\\k-nn\\public\\index.php')
ERROR - 2023-12-21 13:18:59 --> mysqli_sql_exception: Unknown column 'jenis' in 'field list' in C:\xampp\htdocs\k-nn\system\Database\MySQLi\Connection.php:306
Stack trace:
#0 C:\xampp\htdocs\k-nn\system\Database\MySQLi\Connection.php(306): mysqli->query('INSERT INTO `da...', 0)
#1 C:\xampp\htdocs\k-nn\system\Database\BaseConnection.php(692): CodeIgniter\Database\MySQLi\Connection->execute('INSERT INTO `da...')
#2 C:\xampp\htdocs\k-nn\system\Database\BaseConnection.php(606): CodeIgniter\Database\BaseConnection->simpleQuery('INSERT INTO `da...')
#3 C:\xampp\htdocs\k-nn\system\Database\BaseBuilder.php(1800): CodeIgniter\Database\BaseConnection->query('INSERT INTO `da...', NULL, false)
#4 C:\xampp\htdocs\k-nn\system\Database\BaseBuilder.php(2191): CodeIgniter\Database\BaseBuilder->batchExecute('_insertBatch', 100)
#5 C:\xampp\htdocs\k-nn\app\Models\DatasetModel.php(50): CodeIgniter\Database\BaseBuilder->insertBatch(Array)
#6 C:\xampp\htdocs\k-nn\app\Controllers\TambahDataController.php(32): App\Models\DatasetModel->insertData(Array)
#7 C:\xampp\htdocs\k-nn\system\CodeIgniter.php(919): App\Controllers\TambahDataController->TambahData()
#8 C:\xampp\htdocs\k-nn\system\CodeIgniter.php(494): CodeIgniter\CodeIgniter->runController(Object(App\Controllers\TambahDataController))
#9 C:\xampp\htdocs\k-nn\system\CodeIgniter.php(353): CodeIgniter\CodeIgniter->handleRequest(NULL, Object(Config\Cache), false)
#10 C:\xampp\htdocs\k-nn\public\index.php(79): CodeIgniter\CodeIgniter->run()
#11 C:\xampp\htdocs\k-nn\system\Commands\Server\rewrite.php(47): require_once('C:\\xampp\\htdocs...')
#12 {main}
CRITICAL - 2023-12-21 13:18:59 --> Unknown column 'jenis' in 'field list'
in SYSTEMPATH\Database\BaseConnection.php on line 646.
 1 SYSTEMPATH\Database\BaseBuilder.php(1800): CodeIgniter\Database\BaseConnection->query('INSERT INTO `dataset` (`jenis`, `kelas`, `sepal_length`, `sepal_width`, `tepal_length`, `tepal_width`)
VALUES (1,1,5,5,5,5)', null, false)
 2 SYSTEMPATH\Database\BaseBuilder.php(2191): CodeIgniter\Database\BaseBuilder->batchExecute('_insertBatch', 100)
 3 APPPATH\Models\DatasetModel.php(50): CodeIgniter\Database\BaseBuilder->insertBatch([...])
 4 APPPATH\Controllers\TambahDataController.php(32): App\Models\DatasetModel->insertData([...])
 5 SYSTEMPATH\CodeIgniter.php(919): App\Controllers\TambahDataController->TambahData()
 6 SYSTEMPATH\CodeIgniter.php(494): CodeIgniter\CodeIgniter->runController(Object(App\Controllers\TambahDataController))
 7 SYSTEMPATH\CodeIgniter.php(353): CodeIgniter\CodeIgniter->handleRequest(null, Object(Config\Cache), false)
 8 FCPATH\index.php(79): CodeIgniter\CodeIgniter->run()
 9 SYSTEMPATH\Commands\Server\rewrite.php(47): require_once('C:\\xampp\\htdocs\\k-nn\\public\\index.php')
CRITICAL - 2023-12-21 13:36:39 --> Undefined variable: jumlah_data
in APPPATH\Views\tambah_data.php on line 90.
 1 APPPATH\Views\tambah_data.php(90): CodeIgniter\Debug\Exceptions->errorHandler(8, 'Undefined variable: jumlah_data', 'C:\\xampp\\htdocs\\k-nn\\app\\Views\\tambah_data.php', 90, [])
 2 SYSTEMPATH\View\View.php(226): include('C:\\xampp\\htdocs\\k-nn\\app\\Views\\tambah_data.php')
 3 SYSTEMPATH\View\View.php(229): CodeIgniter\View\View->CodeIgniter\View\{closure}()
 4 SYSTEMPATH\Common.php(1188): CodeIgniter\View\View->render('tambah_data', [], true)
 5 APPPATH\Controllers\TambahDataController.php(21): view('tambah_data')
 6 SYSTEMPATH\CodeIgniter.php(919): App\Controllers\TambahDataController->index()
 7 SYSTEMPATH\CodeIgniter.php(494): CodeIgniter\CodeIgniter->runController(Object(App\Controllers\TambahDataController))
 8 SYSTEMPATH\CodeIgniter.php(353): CodeIgniter\CodeIgniter->handleRequest(null, Object(Config\Cache), false)
 9 FCPATH\index.php(79): CodeIgniter\CodeIgniter->run()
10 SYSTEMPATH\Commands\Server\rewrite.php(47): require_once('C:\\xampp\\htdocs\\k-nn\\public\\index.php')
CRITICAL - 2023-12-21 13:36:57 --> Undefined variable: jumlah_kolom
in APPPATH\Views\tambah_data.php on line 90.
 1 APPPATH\Views\tambah_data.php(90): CodeIgniter\Debug\Exceptions->errorHandler(8, 'Undefined variable: jumlah_kolom', 'C:\\xampp\\htdocs\\k-nn\\app\\Views\\tambah_data.php', 90, [])
 2 SYSTEMPATH\View\View.php(226): include('C:\\xampp\\htdocs\\k-nn\\app\\Views\\tambah_data.php')
 3 SYSTEMPATH\View\View.php(229): CodeIgniter\View\View->CodeIgniter\View\{closure}()
 4 SYSTEMPATH\Common.php(1188): CodeIgniter\View\View->render('tambah_data', [], true)
 5 APPPATH\Controllers\TambahDataController.php(21): view('tambah_data')
 6 SYSTEMPATH\CodeIgniter.php(919): App\Controllers\TambahDataController->index()
 7 SYSTEMPATH\CodeIgniter.php(494): CodeIgniter\CodeIgniter->runController(Object(App\Controllers\TambahDataController))
 8 SYSTEMPATH\CodeIgniter.php(353): CodeIgniter\CodeIgniter->handleRequest(null, Object(Config\Cache), false)
 9 FCPATH\index.php(79): CodeIgniter\CodeIgniter->run()
10 SYSTEMPATH\Commands\Server\rewrite.php(47): require_once('C:\\xampp\\htdocs\\k-nn\\public\\index.php')
INFO - 2023-12-21 13:46:08 --> Session: Class initialized using 'CodeIgniter\Session\Handlers\FileHandler' driver.
INFO - 2023-12-21 13:46:16 --> Session: Class initialized using 'CodeIgniter\Session\Handlers\FileHandler' driver.
INFO - 2023-12-21 13:46:21 --> Session: Class initialized using 'CodeIgniter\Session\Handlers\FileHandler' driver.
INFO - 2023-12-21 13:46:31 --> Session: Class initialized using 'CodeIgniter\Session\Handlers\FileHandler' driver.
INFO - 2023-12-21 13:46:39 --> Session: Class initialized using 'CodeIgniter\Session\Handlers\FileHandler' driver.
INFO - 2023-12-21 13:46:43 --> Session: Class initialized using 'CodeIgniter\Session\Handlers\FileHandler' driver.
INFO - 2023-12-21 13:46:48 --> Session: Class initialized using 'CodeIgniter\Session\Handlers\FileHandler' driver.
INFO - 2023-12-21 13:48:33 --> Session: Class initialized using 'CodeIgniter\Session\Handlers\FileHandler' driver.
INFO - 2023-12-21 13:49:47 --> Session: Class initialized using 'CodeIgniter\Session\Handlers\FileHandler' driver.
INFO - 2023-12-21 13:51:32 --> Session: Class initialized using 'CodeIgniter\Session\Handlers\FileHandler' driver.
INFO - 2023-12-21 13:52:20 --> Session: Class initialized using 'CodeIgniter\Session\Handlers\FileHandler' driver.
INFO - 2023-12-21 13:54:38 --> Session: Class initialized using 'CodeIgniter\Session\Handlers\FileHandler' driver.
INFO - 2023-12-21 13:54:42 --> Session: Class initialized using 'CodeIgniter\Session\Handlers\FileHandler' driver.
INFO - 2023-12-21 13:58:13 --> Session: Class initialized using 'CodeIgniter\Session\Handlers\FileHandler' driver.
INFO - 2023-12-21 13:58:17 --> Session: Class initialized using 'CodeIgniter\Session\Handlers\FileHandler' driver.
INFO - 2023-12-21 14:02:30 --> Session: Class initialized using 'CodeIgniter\Session\Handlers\FileHandler' driver.
INFO - 2023-12-21 14:02:34 --> Session: Class initialized using 'CodeIgniter\Session\Handlers\FileHandler' driver.
INFO - 2023-12-21 14:03:23 --> Session: Class initialized using 'CodeIgniter\Session\Handlers\FileHandler' driver.
INFO - 2023-12-21 14:03:26 --> Session: Class initialized using 'CodeIgniter\Session\Handlers\FileHandler' driver.
INFO - 2023-12-21 14:04:12 --> Session: Class initialized using 'CodeIgniter\Session\Handlers\FileHandler' driver.
INFO - 2023-12-21 14:04:21 --> Session: Class initialized using 'CodeIgniter\Session\Handlers\FileHandler' driver.
INFO - 2023-12-21 14:04:51 --> Session: Class initialized using 'CodeIgniter\Session\Handlers\FileHandler' driver.
INFO - 2023-12-21 14:06:15 --> Session: Class initialized using 'CodeIgniter\Session\Handlers\FileHandler' driver.
INFO - 2023-12-21 14:06:21 --> Session: Class initialized using 'CodeIgniter\Session\Handlers\FileHandler' driver.
INFO - 2023-12-21 14:10:31 --> Session: Class initialized using 'CodeIgniter\Session\Handlers\FileHandler' driver.
INFO - 2023-12-21 14:10:35 --> Session: Class initialized using 'CodeIgniter\Session\Handlers\FileHandler' driver.
INFO - 2023-12-21 14:11:29 --> Session: Class initialized using 'CodeIgniter\Session\Handlers\FileHandler' driver.
INFO - 2023-12-21 14:11:32 --> Session: Class initialized using 'CodeIgniter\Session\Handlers\FileHandler' driver.
ERROR - 2023-12-21 14:11:34 --> mysqli_sql_exception: Column 'idjenis' cannot be null in C:\xampp\htdocs\k-nn\system\Database\MySQLi\Connection.php:306
Stack trace:
#0 C:\xampp\htdocs\k-nn\system\Database\MySQLi\Connection.php(306): mysqli->query('INSERT INTO `da...', 0)
#1 C:\xampp\htdocs\k-nn\system\Database\BaseConnection.php(692): CodeIgniter\Database\MySQLi\Connection->execute('INSERT INTO `da...')
#2 C:\xampp\htdocs\k-nn\system\Database\BaseConnection.php(606): CodeIgniter\Database\BaseConnection->simpleQuery('INSERT INTO `da...')
#3 C:\xampp\htdocs\k-nn\system\Database\BaseBuilder.php(1800): CodeIgniter\Database\BaseConnection->query('INSERT INTO `da...', NULL, false)
#4 C:\xampp\htdocs\k-nn\system\Database\BaseBuilder.php(2191): CodeIgniter\Database\BaseBuilder->batchExecute('_insertBatch', 100)
#5 C:\xampp\htdocs\k-nn\app\Models\DatasetModel.php(50): CodeIgniter\Database\BaseBuilder->insertBatch(Array)
#6 C:\xampp\htdocs\k-nn\app\Controllers\TambahDataController.php(41): App\Models\DatasetModel->insertData(Array)
#7 C:\xampp\htdocs\k-nn\system\CodeIgniter.php(919): App\Controllers\TambahDataController->TambahData('3')
#8 C:\xampp\htdocs\k-nn\system\CodeIgniter.php(494): CodeIgniter\CodeIgniter->runController(Object(App\Controllers\TambahDataController))
#9 C:\xampp\htdocs\k-nn\system\CodeIgniter.php(353): CodeIgniter\CodeIgniter->handleRequest(NULL, Object(Config\Cache), false)
#10 C:\xampp\htdocs\k-nn\public\index.php(79): CodeIgniter\CodeIgniter->run()
#11 C:\xampp\htdocs\k-nn\system\Commands\Server\rewrite.php(47): require_once('C:\\xampp\\htdocs...')
#12 {main}
CRITICAL - 2023-12-21 14:11:34 --> Column 'idjenis' cannot be null
in SYSTEMPATH\Database\BaseConnection.php on line 646.
 1 SYSTEMPATH\Database\BaseBuilder.php(1800): CodeIgniter\Database\BaseConnection->query('INSERT INTO `dataset` (`idjenis`, `idkelas`, `sepal_length`, `sepal_width`, `tepal_length`, `tepal_width`)
VALUES (NULL,NULL,NULL,NULL,NULL,NULL)', null, false)
 2 SYSTEMPATH\Database\BaseBuilder.php(2191): CodeIgniter\Database\BaseBuilder->batchExecute('_insertBatch', 100)
 3 APPPATH\Models\DatasetModel.php(50): CodeIgniter\Database\BaseBuilder->insertBatch([...])
 4 APPPATH\Controllers\TambahDataController.php(41): App\Models\DatasetModel->insertData([...])
 5 SYSTEMPATH\CodeIgniter.php(919): App\Controllers\TambahDataController->TambahData('3')
 6 SYSTEMPATH\CodeIgniter.php(494): CodeIgniter\CodeIgniter->runController(Object(App\Controllers\TambahDataController))
 7 SYSTEMPATH\CodeIgniter.php(353): CodeIgniter\CodeIgniter->handleRequest(null, Object(Config\Cache), false)
 8 FCPATH\index.php(79): CodeIgniter\CodeIgniter->run()
 9 SYSTEMPATH\Commands\Server\rewrite.php(47): require_once('C:\\xampp\\htdocs\\k-nn\\public\\index.php')
INFO - 2023-12-21 14:11:49 --> Session: Class initialized using 'CodeIgniter\Session\Handlers\FileHandler' driver.
INFO - 2023-12-21 14:11:53 --> Session: Class initialized using 'CodeIgniter\Session\Handlers\FileHandler' driver.
INFO - 2023-12-21 14:11:57 --> Session: Class initialized using 'CodeIgniter\Session\Handlers\FileHandler' driver.
ERROR - 2023-12-21 14:12:15 --> mysqli_sql_exception: Column 'idjenis' cannot be null in C:\xampp\htdocs\k-nn\system\Database\MySQLi\Connection.php:306
Stack trace:
#0 C:\xampp\htdocs\k-nn\system\Database\MySQLi\Connection.php(306): mysqli->query('INSERT INTO `da...', 0)
#1 C:\xampp\htdocs\k-nn\system\Database\BaseConnection.php(692): CodeIgniter\Database\MySQLi\Connection->execute('INSERT INTO `da...')
#2 C:\xampp\htdocs\k-nn\system\Database\BaseConnection.php(606): CodeIgniter\Database\BaseConnection->simpleQuery('INSERT INTO `da...')
#3 C:\xampp\htdocs\k-nn\system\Database\BaseBuilder.php(1800): CodeIgniter\Database\BaseConnection->query('INSERT INTO `da...', NULL, false)
#4 C:\xampp\htdocs\k-nn\system\Database\BaseBuilder.php(2191): CodeIgniter\Database\BaseBuilder->batchExecute('_insertBatch', 100)
#5 C:\xampp\htdocs\k-nn\app\Models\DatasetModel.php(50): CodeIgniter\Database\BaseBuilder->insertBatch(Array)
#6 C:\xampp\htdocs\k-nn\app\Controllers\TambahDataController.php(41): App\Models\DatasetModel->insertData(Array)
#7 C:\xampp\htdocs\k-nn\system\CodeIgniter.php(919): App\Controllers\TambahDataController->TambahData('2')
#8 C:\xampp\htdocs\k-nn\system\CodeIgniter.php(494): CodeIgniter\CodeIgniter->runController(Object(App\Controllers\TambahDataController))
#9 C:\xampp\htdocs\k-nn\system\CodeIgniter.php(353): CodeIgniter\CodeIgniter->handleRequest(NULL, Object(Config\Cache), false)
#10 C:\xampp\htdocs\k-nn\public\index.php(79): CodeIgniter\CodeIgniter->run()
#11 C:\xampp\htdocs\k-nn\system\Commands\Server\rewrite.php(47): require_once('C:\\xampp\\htdocs...')
#12 {main}
CRITICAL - 2023-12-21 14:12:15 --> Column 'idjenis' cannot be null
in SYSTEMPATH\Database\BaseConnection.php on line 646.
 1 SYSTEMPATH\Database\BaseBuilder.php(1800): CodeIgniter\Database\BaseConnection->query('INSERT INTO `dataset` (`idjenis`, `idkelas`, `sepal_length`, `sepal_width`, `tepal_length`, `tepal_width`)
VALUES (NULL,NULL,NULL,NULL,NULL,NULL)', null, false)
 2 SYSTEMPATH\Database\BaseBuilder.php(2191): CodeIgniter\Database\BaseBuilder->batchExecute('_insertBatch', 100)
 3 APPPATH\Models\DatasetModel.php(50): CodeIgniter\Database\BaseBuilder->insertBatch([...])
 4 APPPATH\Controllers\TambahDataController.php(41): App\Models\DatasetModel->insertData([...])
 5 SYSTEMPATH\CodeIgniter.php(919): App\Controllers\TambahDataController->TambahData('2')
 6 SYSTEMPATH\CodeIgniter.php(494): CodeIgniter\CodeIgniter->runController(Object(App\Controllers\TambahDataController))
 7 SYSTEMPATH\CodeIgniter.php(353): CodeIgniter\CodeIgniter->handleRequest(null, Object(Config\Cache), false)
 8 FCPATH\index.php(79): CodeIgniter\CodeIgniter->run()
 9 SYSTEMPATH\Commands\Server\rewrite.php(47): require_once('C:\\xampp\\htdocs\\k-nn\\public\\index.php')
INFO - 2023-12-21 14:13:03 --> Session: Class initialized using 'CodeIgniter\Session\Handlers\FileHandler' driver.
INFO - 2023-12-21 14:13:08 --> Session: Class initialized using 'CodeIgniter\Session\Handlers\FileHandler' driver.
INFO - 2023-12-21 14:25:47 --> Session: Class initialized using 'CodeIgniter\Session\Handlers\FileHandler' driver.
INFO - 2023-12-21 14:25:53 --> Session: Class initialized using 'CodeIgniter\Session\Handlers\FileHandler' driver.
INFO - 2023-12-21 14:27:01 --> Session: Class initialized using 'CodeIgniter\Session\Handlers\FileHandler' driver.
INFO - 2023-12-21 14:27:04 --> Session: Class initialized using 'CodeIgniter\Session\Handlers\FileHandler' driver.
ERROR - 2023-12-21 14:27:30 --> mysqli_sql_exception: You have an error in your SQL syntax; check the manual that corresponds to your MariaDB server version for the right syntax to use near '0, 1)
VALUES ('2','2'), ('2','2'), ('2','2'), ('2','2'), ('3','2'), ('2','1')' at line 1 in C:\xampp\htdocs\k-nn\system\Database\MySQLi\Connection.php:306
Stack trace:
#0 C:\xampp\htdocs\k-nn\system\Database\MySQLi\Connection.php(306): mysqli->query('INSERT INTO `da...', 0)
#1 C:\xampp\htdocs\k-nn\system\Database\BaseConnection.php(692): CodeIgniter\Database\MySQLi\Connection->execute('INSERT INTO `da...')
#2 C:\xampp\htdocs\k-nn\system\Database\BaseConnection.php(606): CodeIgniter\Database\BaseConnection->simpleQuery('INSERT INTO `da...')
#3 C:\xampp\htdocs\k-nn\system\Database\BaseBuilder.php(1800): CodeIgniter\Database\BaseConnection->query('INSERT INTO `da...', NULL, false)
#4 C:\xampp\htdocs\k-nn\system\Database\BaseBuilder.php(2191): CodeIgniter\Database\BaseBuilder->batchExecute('_insertBatch', 100)
#5 C:\xampp\htdocs\k-nn\app\Models\DatasetModel.php(50): CodeIgniter\Database\BaseBuilder->insertBatch(Array)
#6 C:\xampp\htdocs\k-nn\app\Controllers\TambahDataController.php(30): App\Models\DatasetModel->insertData(Array)
#7 C:\xampp\htdocs\k-nn\system\CodeIgniter.php(919): App\Controllers\TambahDataController->TambahData('2')
#8 C:\xampp\htdocs\k-nn\system\CodeIgniter.php(494): CodeIgniter\CodeIgniter->runController(Object(App\Controllers\TambahDataController))
#9 C:\xampp\htdocs\k-nn\system\CodeIgniter.php(353): CodeIgniter\CodeIgniter->handleRequest(NULL, Object(Config\Cache), false)
#10 C:\xampp\htdocs\k-nn\public\index.php(79): CodeIgniter\CodeIgniter->run()
#11 C:\xampp\htdocs\k-nn\system\Commands\Server\rewrite.php(47): require_once('C:\\xampp\\htdocs...')
#12 {main}
CRITICAL - 2023-12-21 14:27:30 --> You have an error in your SQL syntax; check the manual that corresponds to your MariaDB server version for the right syntax to use near '0, 1)
VALUES ('2','2'), ('2','2'), ('2','2'), ('2','2'), ('3','2'), ('2','1')' at line 1
in SYSTEMPATH\Database\BaseConnection.php on line 646.
 1 SYSTEMPATH\Database\BaseBuilder.php(1800): CodeIgniter\Database\BaseConnection->query('INSERT INTO `dataset` (0, 1)
VALUES (\'2\',\'2\'), (\'2\',\'2\'), (\'2\',\'2\'), (\'2\',\'2\'), (\'3\',\'2\'), (\'2\',\'1\')', null, false)
 2 SYSTEMPATH\Database\BaseBuilder.php(2191): CodeIgniter\Database\BaseBuilder->batchExecute('_insertBatch', 100)
 3 APPPATH\Models\DatasetModel.php(50): CodeIgniter\Database\BaseBuilder->insertBatch([...])
 4 APPPATH\Controllers\TambahDataController.php(30): App\Models\DatasetModel->insertData([...])
 5 SYSTEMPATH\CodeIgniter.php(919): App\Controllers\TambahDataController->TambahData('2')
 6 SYSTEMPATH\CodeIgniter.php(494): CodeIgniter\CodeIgniter->runController(Object(App\Controllers\TambahDataController))
 7 SYSTEMPATH\CodeIgniter.php(353): CodeIgniter\CodeIgniter->handleRequest(null, Object(Config\Cache), false)
 8 FCPATH\index.php(79): CodeIgniter\CodeIgniter->run()
 9 SYSTEMPATH\Commands\Server\rewrite.php(47): require_once('C:\\xampp\\htdocs\\k-nn\\public\\index.php')
INFO - 2023-12-21 14:31:00 --> Session: Class initialized using 'CodeIgniter\Session\Handlers\FileHandler' driver.
INFO - 2023-12-21 14:31:05 --> Session: Class initialized using 'CodeIgniter\Session\Handlers\FileHandler' driver.
ERROR - 2023-12-21 14:31:15 --> mysqli_sql_exception: You have an error in your SQL syntax; check the manual that corresponds to your MariaDB server version for the right syntax to use near '0)
VALUES ('2'), ('2'), ('2'), ('2'), ('1'), ('1')' at line 1 in C:\xampp\htdocs\k-nn\system\Database\MySQLi\Connection.php:306
Stack trace:
#0 C:\xampp\htdocs\k-nn\system\Database\MySQLi\Connection.php(306): mysqli->query('INSERT INTO `da...', 0)
#1 C:\xampp\htdocs\k-nn\system\Database\BaseConnection.php(692): CodeIgniter\Database\MySQLi\Connection->execute('INSERT INTO `da...')
#2 C:\xampp\htdocs\k-nn\system\Database\BaseConnection.php(606): CodeIgniter\Database\BaseConnection->simpleQuery('INSERT INTO `da...')
#3 C:\xampp\htdocs\k-nn\system\Database\BaseBuilder.php(1800): CodeIgniter\Database\BaseConnection->query('INSERT INTO `da...', NULL, false)
#4 C:\xampp\htdocs\k-nn\system\Database\BaseBuilder.php(2191): CodeIgniter\Database\BaseBuilder->batchExecute('_insertBatch', 100)
#5 C:\xampp\htdocs\k-nn\app\Models\DatasetModel.php(50): CodeIgniter\Database\BaseBuilder->insertBatch(Array)
#6 C:\xampp\htdocs\k-nn\app\Controllers\TambahDataController.php(30): App\Models\DatasetModel->insertData(Array)
#7 C:\xampp\htdocs\k-nn\system\CodeIgniter.php(919): App\Controllers\TambahDataController->TambahData('1')
#8 C:\xampp\htdocs\k-nn\system\CodeIgniter.php(494): CodeIgniter\CodeIgniter->runController(Object(App\Controllers\TambahDataController))
#9 C:\xampp\htdocs\k-nn\system\CodeIgniter.php(353): CodeIgniter\CodeIgniter->handleRequest(NULL, Object(Config\Cache), false)
#10 C:\xampp\htdocs\k-nn\public\index.php(79): CodeIgniter\CodeIgniter->run()
#11 C:\xampp\htdocs\k-nn\system\Commands\Server\rewrite.php(47): require_once('C:\\xampp\\htdocs...')
#12 {main}
CRITICAL - 2023-12-21 14:31:15 --> You have an error in your SQL syntax; check the manual that corresponds to your MariaDB server version for the right syntax to use near '0)
VALUES ('2'), ('2'), ('2'), ('2'), ('1'), ('1')' at line 1
in SYSTEMPATH\Database\BaseConnection.php on line 646.
 1 SYSTEMPATH\Database\BaseBuilder.php(1800): CodeIgniter\Database\BaseConnection->query('INSERT INTO `dataset` (0)
VALUES (\'2\'), (\'2\'), (\'2\'), (\'2\'), (\'1\'), (\'1\')', null, false)
 2 SYSTEMPATH\Database\BaseBuilder.php(2191): CodeIgniter\Database\BaseBuilder->batchExecute('_insertBatch', 100)
 3 APPPATH\Models\DatasetModel.php(50): CodeIgniter\Database\BaseBuilder->insertBatch([...])
 4 APPPATH\Controllers\TambahDataController.php(30): App\Models\DatasetModel->insertData([...])
 5 SYSTEMPATH\CodeIgniter.php(919): App\Controllers\TambahDataController->TambahData('1')
 6 SYSTEMPATH\CodeIgniter.php(494): CodeIgniter\CodeIgniter->runController(Object(App\Controllers\TambahDataController))
 7 SYSTEMPATH\CodeIgniter.php(353): CodeIgniter\CodeIgniter->handleRequest(null, Object(Config\Cache), false)
 8 FCPATH\index.php(79): CodeIgniter\CodeIgniter->run()
 9 SYSTEMPATH\Commands\Server\rewrite.php(47): require_once('C:\\xampp\\htdocs\\k-nn\\public\\index.php')
